  Compiling CUDA source file FillVector.cu...
  Compiling CUDA source file kernel.cu...
  Compiling CUDA source file VectorSum.cu...
  
  
  C:\Users\vazge\source\repos\HPC_Labs\VectorSum\VectorSum>"C:\Program Files\NVIDIA GPU Computing Toolkit\CUDA\v12.6\bin\nvcc.exe" -gencode=arch=compute_52,code=\"sm_52,compute_52\" --use-local-env -ccbin "C:\Program Files\Microsoft Visual Studio\2022\Community\VC\Tools\MSVC\14.41.34120\bin\HostX64\x64" -x cu   -I"C:\Program Files\NVIDIA GPU Computing Toolkit\CUDA\v12.6\include" -I"C:\Program Files\NVIDIA GPU Computing Toolkit\CUDA\v12.6\include"  -G   --keep-dir x64\Debug  -maxrregcount=0   --machine 64 --compile -cudart static  -g  -DWIN32 -DWIN64 -D_DEBUG -D_CONSOLE -D_MBCS -Xcompiler "/EHsc /W3 /nologo /Od /FS /Zi /RTC1 /MDd " -Xcompiler "/Fdx64\Debug\vc143.pdb" -o C:\Users\vazge\source\repos\HPC_Labs\VectorSum\VectorSum\x64\Debug\kernel.cu.obj "C:\Users\vazge\source\repos\HPC_Labs\VectorSum\VectorSum\kernel.cu" 
  
  C:\Users\vazge\source\repos\HPC_Labs\VectorSum\VectorSum>"C:\Program Files\NVIDIA GPU Computing Toolkit\CUDA\v12.6\bin\nvcc.exe" -gencode=arch=compute_52,code=\"sm_52,compute_52\" --use-local-env -ccbin "C:\Program Files\Microsoft Visual Studio\2022\Community\VC\Tools\MSVC\14.41.34120\bin\HostX64\x64" -x cu   -I"C:\Program Files\NVIDIA GPU Computing Toolkit\CUDA\v12.6\include" -I"C:\Program Files\NVIDIA GPU Computing Toolkit\CUDA\v12.6\include"  -G   --keep-dir x64\Debug  -maxrregcount=0   --machine 64 --compile -cudart static  -g  -DWIN32 -DWIN64 -D_DEBUG -D_CONSOLE -D_MBCS -Xcompiler "/EHsc /W3 /nologo /Od /FS /Zi /RTC1 /MDd " -Xcompiler "/Fdx64\Debug\vc143.pdb" -o C:\Users\vazge\source\repos\HPC_Labs\VectorSum\VectorSum\x64\Debug\FillVector.cu.obj "C:\Users\vazge\source\repos\HPC_Labs\VectorSum\VectorSum\FillVector.cu" 
  C:\Users\vazge\source\repos\HPC_Labs\VectorSum\VectorSum>"C:\Program Files\NVIDIA GPU Computing Toolkit\CUDA\v12.6\bin\nvcc.exe" -gencode=arch=compute_52,code=\"sm_52,compute_52\" --use-local-env -ccbin "C:\Program Files\Microsoft Visual Studio\2022\Community\VC\Tools\MSVC\14.41.34120\bin\HostX64\x64" -x cu   -I"C:\Program Files\NVIDIA GPU Computing Toolkit\CUDA\v12.6\include" -I"C:\Program Files\NVIDIA GPU Computing Toolkit\CUDA\v12.6\include"  -G   --keep-dir x64\Debug  -maxrregcount=0   --machine 64 --compile -cudart static  -g  -DWIN32 -DWIN64 -D_DEBUG -D_CONSOLE -D_MBCS -Xcompiler "/EHsc /W3 /nologo /Od /FS /Zi /RTC1 /MDd " -Xcompiler "/Fdx64\Debug\vc143.pdb" -o C:\Users\vazge\source\repos\HPC_Labs\VectorSum\VectorSum\x64\Debug\VectorSum.cu.obj "C:\Users\vazge\source\repos\HPC_Labs\VectorSum\VectorSum\VectorSum.cu" 
C:\Users\vazge\source\repos\HPC_Labs\VectorSum\VectorSum\kernel.cu(66): warning #546-D: transfer of control bypasses initialization of:
              variable "blockSize" (declared at line 99)
              variable "numBlocks" (declared at line 100)
            goto Error;
            ^
  
  Remark: The warnings can be suppressed with "-diag-suppress <warning-number>"
  
C:\Users\vazge\source\repos\HPC_Labs\VectorSum\VectorSum\kernel.cu(72): warning #546-D: transfer of control bypasses initialization of:
              variable "blockSize" (declared at line 99)
              variable "numBlocks" (declared at line 100)
            goto Error;
            ^
  
C:\Users\vazge\source\repos\HPC_Labs\VectorSum\VectorSum\kernel.cu(78): warning #546-D: transfer of control bypasses initialization of:
              variable "blockSize" (declared at line 99)
              variable "numBlocks" (declared at line 100)
            goto Error;
            ^
  
C:\Users\vazge\source\repos\HPC_Labs\VectorSum\VectorSum\kernel.cu(84): warning #546-D: transfer of control bypasses initialization of:
              variable "blockSize" (declared at line 99)
              variable "numBlocks" (declared at line 100)
            goto Error;
            ^
  
C:\Users\vazge\source\repos\HPC_Labs\VectorSum\VectorSum\kernel.cu(90): warning #546-D: transfer of control bypasses initialization of:
              variable "blockSize" (declared at line 99)
              variable "numBlocks" (declared at line 100)
            goto Error;
            ^
  
C:\Users\vazge\source\repos\HPC_Labs\VectorSum\VectorSum\kernel.cu(96): warning #546-D: transfer of control bypasses initialization of:
              variable "blockSize" (declared at line 99)
              variable "numBlocks" (declared at line 100)
            goto Error;
            ^
  
  FillVector.cu
  VectorSum.cu
C:\Users\vazge\source\repos\HPC_Labs\VectorSum\VectorSum\kernel.cu(66): warning #546-D: transfer of control bypasses initialization of:
              variable "blockSize" (declared at line 99)
              variable "numBlocks" (declared at line 100)
            goto Error;
            ^
  
  Remark: The warnings can be suppressed with "-diag-suppress <warning-number>"
  
C:\Users\vazge\source\repos\HPC_Labs\VectorSum\VectorSum\kernel.cu(72): warning #546-D: transfer of control bypasses initialization of:
              variable "blockSize" (declared at line 99)
              variable "numBlocks" (declared at line 100)
            goto Error;
            ^
  
C:\Users\vazge\source\repos\HPC_Labs\VectorSum\VectorSum\kernel.cu(78): warning #546-D: transfer of control bypasses initialization of:
              variable "blockSize" (declared at line 99)
              variable "numBlocks" (declared at line 100)
            goto Error;
            ^
  
C:\Users\vazge\source\repos\HPC_Labs\VectorSum\VectorSum\kernel.cu(84): warning #546-D: transfer of control bypasses initialization of:
              variable "blockSize" (declared at line 99)
              variable "numBlocks" (declared at line 100)
            goto Error;
            ^
  
C:\Users\vazge\source\repos\HPC_Labs\VectorSum\VectorSum\kernel.cu(90): warning #546-D: transfer of control bypasses initialization of:
              variable "blockSize" (declared at line 99)
              variable "numBlocks" (declared at line 100)
            goto Error;
            ^
  
C:\Users\vazge\source\repos\HPC_Labs\VectorSum\VectorSum\kernel.cu(96): warning #546-D: transfer of control bypasses initialization of:
              variable "blockSize" (declared at line 99)
              variable "numBlocks" (declared at line 100)
            goto Error;
            ^
  
  kernel.cu
  tmpxft_00004c14_00000000-7_FillVector.cudafe1.cpp
  tmpxft_00006590_00000000-7_VectorSum.cudafe1.cpp
C:\Users\vazge\source\repos\HPC_Labs\VectorSum\VectorSum\VectorSum.cu(17): warning C4267: аргумент: преобразование из "size_t" в "int"; возможна потеря данных
C:\Users\vazge\source\repos\HPC_Labs\VectorSum\VectorSum\VectorSum.cu(17): warning C4267: аргумент: преобразование из "size_t" в "int"; возможна потеря данных
  tmpxft_00001e68_00000000-7_kernel.cudafe1.cpp
C:\Users\vazge\source\repos\HPC_Labs\VectorSum\VectorSum\VectorSum.cu(17): warning C4267: аргумент: преобразование из "size_t" в "int"; возможна потеря данных
C:\Users\vazge\source\repos\HPC_Labs\VectorSum\VectorSum\VectorSum.cu(17): warning C4267: аргумент: преобразование из "size_t" в "int"; возможна потеря данных
C:\Users\vazge\source\repos\HPC_Labs\VectorSum\VectorSum\kernel.cu(100): warning C4267: инициализация: преобразование из "size_t" в "int"; возможна потеря данных
C:\Users\vazge\source\repos\HPC_Labs\VectorSum\VectorSum\kernel.cu(101): warning C4267: аргумент: преобразование из "size_t" в "int"; возможна потеря данных
     Создается библиотека C:\Users\vazge\source\repos\HPC_Labs\VectorSum\x64\Debug\VectorSum.lib и объект C:\Users\vazge\source\repos\HPC_Labs\VectorSum\x64\Debug\VectorSum.exp
LINK : warning LNK4098: библиотека по умолчанию "LIBCMT" конфликтует с использованием других библиотек; используйте /NODEFAULTLIB:library
  VectorSum.vcxproj -> C:\Users\vazge\source\repos\HPC_Labs\VectorSum\x64\Debug\VectorSum.exe
